12:42:59 [types] Generated 71ms
12:42:59 [build] output: "static"
12:42:59 [build] directory: /home/arepo/LOGOS/PRAGMA/SOFTWARE/valentines/dist/
12:42:59 [build] Collecting build info...
12:42:59 [build] ✓ Completed in 127ms.
12:42:59 [build] Building static entrypoints...
"Context" is imported from external module "effect" but never used in "src/lib/config.ts".
12:43:01 [vite] ✓ built in 2.39s
12:43:01 [build] ✓ Completed in 2.43s.

 building client (vite) 
12:43:01 [vite] transforming...
12:43:05 [vite] ✓ 641 modules transformed.
12:43:05 [vite] rendering chunks...
12:43:05 [vite] computing gzip size...
12:43:05 [vite] dist/_astro/hoisted.BbckMFxf.js          2.38 kB │ gzip:   1.08 kB
12:43:05 [vite] dist/_astro/client.CKtg_Fpu.js           5.61 kB │ gzip:   2.43 kB
12:43:05 [vite] dist/_astro/App.u6yaE_uh.js             12.48 kB │ gzip:   4.77 kB
12:43:05 [vite] dist/_astro/web.CbF8GdTA.js             13.62 kB │ gzip:   5.45 kB
12:43:05 [vite] dist/_astro/hoisted.1FdYwair.js         14.51 kB │ gzip:   4.99 kB
12:43:05 [vite] dist/_astro/config.BPlqvCb2.js         114.12 kB │ gzip:  37.27 kB
12:43:05 [vite] dist/_astro/MusicBoxScene.CvQF2_Ls.js  613.05 kB │ gzip: 166.65 kB
12:43:05 [WARN] [vite] 
(!) Some chunks are larger than 500 kB after minification. Consider:
- Using dynamic import() to code-split the application
- Use build.rollupOptions.output.manualChunks to improve chunking: https://rollupjs.org/configuration-options/#output-manualchunks
- Adjust chunk size limit for this warning via build.chunkSizeWarningLimit.
12:43:05 [vite] ✓ built in 4.17s

 generating static routes 
12:43:06 ▶ src/pages/create.astro
12:43:06   └─ /create/index.html (+11ms)
12:43:06 ▶ src/pages/docs/architecture.astro
12:43:06   └─ /docs/architecture/index.html (+5ms)
12:43:06 ▶ src/pages/docs/artists.astro
12:43:06   └─ /docs/artists/index.html (+3ms)
12:43:06 ▶ src/pages/docs/business.astro
12:43:06   └─ /docs/business/index.html (+3ms)
12:43:06 ▶ src/pages/docs/roadmap.astro
12:43:06   └─ /docs/roadmap/index.html (+3ms)
12:43:06 ▶ src/pages/docs/schema.astro
12:43:06   └─ /docs/schema/index.html (+2ms)
12:43:06 ▶ src/pages/[slug].astro
12:43:06   ├─ /capsule-test/index.html (+8ms)
12:43:06   └─ /james-a3f8/index.html (+3ms)
12:43:06 ▶ src/pages/index.astro
12:43:06   └─ /index.html (+3ms)
12:43:06 ✓ Completed in 439ms.

12:43:06 [build] 9 page(s) built in 7.20s
12:43:06 [build] Complete!
